<?xml version="1.0" encoding="UTF-8"?>
<robot generator="Robot 3.1.1 (Python 3.7.0 on win32)" generated="20190216 19:28:20.612" rpa="false">
<suite id="s1" name="Amazon" source="C:\JUNO\ROBOT2\tests\Amazon.robot">
<test id="s1-t1" name="User should be required to sign in when checking out">
<kw name="Open Browser" library="SeleniumLibrary">
<doc>Opens a new browser instance to the given ``url``.</doc>
<arguments>
<arg>http://www.amazon.com</arg>
<arg>ie</arg>
</arguments>
<msg timestamp="20190216 19:28:22.112" level="INFO">Opening browser 'ie' to base url 'http://www.amazon.com'.</msg>
<status status="PASS" starttime="20190216 19:28:22.112" endtime="20190216 19:28:31.554"></status>
</kw>
<kw name="Sleep" library="BuiltIn">
<doc>Pauses the test executed for the given time.</doc>
<arguments>
<arg>3s</arg>
</arguments>
<msg timestamp="20190216 19:28:34.571" level="INFO">Slept 3 seconds</msg>
<status status="PASS" starttime="20190216 19:28:31.562" endtime="20190216 19:28:34.571"></status>
</kw>
<kw name="Close Browser" library="SeleniumLibrary">
<doc>Closes the current browser.</doc>
<status status="PASS" starttime="20190216 19:28:34.571" endtime="20190216 19:28:37.596"></status>
</kw>
<doc>This is some basic information about the test</doc>
<tags>
<tag>Smoke</tag>
</tags>
<status status="PASS" starttime="20190216 19:28:22.112" endtime="20190216 19:28:37.596" critical="yes"></status>
</test>
<doc>This is some basic information about the whole suit</doc>
<status status="PASS" starttime="20190216 19:28:20.612" endtime="20190216 19:28:37.596"></status>
</suite>
<statistics>
<total>
<stat pass="1" fail="0">Critical Tests</stat>
<stat pass="1" fail="0">All Tests</stat>
</total>
<tag>
<stat pass="1" fail="0">Smoke</stat>
</tag>
<suite>
<stat pass="1" fail="0" id="s1" name="Amazon">Amazon</stat>
</suite>
</statistics>
<errors>
</errors>
</robot>
